<testsuites id="" name="" tests="1" failures="1" skipped="0" errors="0" time="13.189143">
<testsuite name="asset-upload.test.ts" timestamp="2025-05-30T01:44:33.207Z" hostname="chromium" tests="1" failures="1" skipped="0" time="10.796" errors="0">
<testcase name="Asset Upload Flow › should upload image assets successfully" classname="asset-upload.test.ts" time="10.796">
<failure message="asset-upload.test.ts:5:7 should upload image assets successfully" type="FAILURE">
<![CDATA[  [chromium] › asset-upload.test.ts:5:7 › Asset Upload Flow › should upload image assets successfully 

    Error: Timed out 10000ms waiting for expect(locator).toBeVisible()

    Locator: locator('[data-testid="user-menu"]')
    Expected: visible
    Received: <element(s) not found>
    Call log:
      - expect.toBeVisible with timeout 10000ms
      - waiting for locator('[data-testid="user-menu"]')


       at helpers/auth-helper.ts:71

      69 |     
      70 |     // Verify we're on a protected page
    > 71 |     await expect(this.page.locator('[data-testid="user-menu"]')).toBeVisible();
         |                                                                  ^
      72 |   }
      73 |
      74 |   async selectClient(clientName: string = 'Demo Agency') {
        at AuthHelper.ensureLoggedIn (/Users/thomasdowuona-hyde/AIRWAVE_0525_CODEX/tests/e2e/helpers/auth-helper.ts:71:66)
        at Object.authenticatedPage (/Users/thomasdowuona-hyde/AIRWAVE_0525_CODEX/tests/e2e/fixtures/test-fixtures.ts:42:24)

    attachment #1: screenshot (image/png) ──────────────────────────────────────────────────────────
    test-results/asset-upload-Asset-Upload--135c6-d-image-assets-successfully-chromium/test-failed-1.png
    ────────────────────────────────────────────────────────────────────────────────────────────────

    attachment #2: video (video/webm) ──────────────────────────────────────────────────────────────
    test-results/asset-upload-Asset-Upload--135c6-d-image-assets-successfully-chromium/video.webm
    ────────────────────────────────────────────────────────────────────────────────────────────────

    Error Context: ../../test-results/asset-upload-Asset-Upload--135c6-d-image-assets-successfully-chromium/error-context.md
]]>
</failure>
<system-out>
<![CDATA[
[[ATTACHMENT|asset-upload-Asset-Upload--135c6-d-image-assets-successfully-chromium/test-failed-1.png]]

[[ATTACHMENT|asset-upload-Asset-Upload--135c6-d-image-assets-successfully-chromium/video.webm]]

[[ATTACHMENT|asset-upload-Asset-Upload--135c6-d-image-assets-successfully-chromium/error-context.md]]
]]>
</system-out>
</testcase>
</testsuite>
</testsuites>