<testsuites id="" name="" tests="15" failures="3" skipped="0" errors="0" time="21.914548999999997">
<testsuite name="airwave-ui-verification.test.ts" timestamp="2025-05-30T05:57:26.613Z" hostname="chromium" tests="15" failures="3" skipped="0" time="71.679" errors="0">
<testcase name="AIrWAVE UI Verification Suite › Landing Page Tests › should load landing page with Carbon Black theme" classname="airwave-ui-verification.test.ts" time="3.986">
<system-out>
<![CDATA[
[[ATTACHMENT|airwave-ui-verification-AI-e407c-age-with-Carbon-Black-theme-chromium/test-finished-1.png]]
]]>
</system-out>
</testcase>
<testcase name="AIrWAVE UI Verification Suite › Landing Page Tests › should have proper amber accent colors" classname="airwave-ui-verification.test.ts" time="3.981">
<system-out>
<![CDATA[Button styles: {
  backgroundColor: [32m'rgb(239, 239, 239)'[39m,
  color: [32m'rgb(0, 0, 0)'[39m,
  borderColor: [32m'rgb(0, 0, 0)'[39m
}

[[ATTACHMENT|airwave-ui-verification-AI-f65bc--proper-amber-accent-colors-chromium/test-finished-1.png]]
]]>
</system-out>
</testcase>
<testcase name="AIrWAVE UI Verification Suite › Landing Page Tests › should have no JavaScript console errors" classname="airwave-ui-verification.test.ts" time="6.96">
<failure message="airwave-ui-verification.test.ts:107:9 should have no JavaScript console errors" type="FAILURE">
<![CDATA[  [chromium] › airwave-ui-verification.test.ts:107:9 › AIrWAVE UI Verification Suite › Landing Page Tests › should have no JavaScript console errors 

    Error: expect(received).toBeLessThan(expected)

    Expected: < 3
    Received:   9

      130 |       }
      131 |       
    > 132 |       expect(criticalErrors.length).toBeLessThan(3); // Allow for minor non-critical errors
          |                                     ^
      133 |     });
      134 |   });
      135 |
        at /Users/thomasdowuona-hyde/AIRWAVE_0525_CODEX/tests/e2e/airwave-ui-verification.test.ts:132:37

    attachment #1: screenshot (image/png) ──────────────────────────────────────────────────────────
    test-results/airwave-ui-verification-AI-d6550-o-JavaScript-console-errors-chromium/test-failed-1.png
    ────────────────────────────────────────────────────────────────────────────────────────────────

    attachment #2: video (video/webm) ──────────────────────────────────────────────────────────────
    test-results/airwave-ui-verification-AI-d6550-o-JavaScript-console-errors-chromium/video.webm
    ────────────────────────────────────────────────────────────────────────────────────────────────

    Error Context: ../../test-results/airwave-ui-verification-AI-d6550-o-JavaScript-console-errors-chromium/error-context.md
]]>
</failure>
<system-out>
<![CDATA[Console errors found: [
  [32m`Refused to apply inline style because it violates the following Content Security Policy directive: "style-src 'self' https://fonts.googleapis.com". Either the 'unsafe-inline' keyword, a hash ('sha256-tOPElzmHt4D+UzT84ztRSR0PPvhTZkWzmhdXb7kzh0Q='), or a nonce ('nonce-...') is required to enable inline execution.\n`[39m,
  [32m`Refused to apply inline style because it violates the following Content Security Policy directive: "style-src 'self' https://fonts.googleapis.com". Either the 'unsafe-inline' keyword, a hash ('sha256-LFrzJY/jiacwSQ1hh70gaj305ajHCrcyWcGAjYI6luo='), or a nonce ('nonce-...') is required to enable inline execution.\n`[39m,
  [32m`Refused to apply inline style because it violates the following Content Security Policy directive: "style-src 'self' https://fonts.googleapis.com". Either the 'unsafe-inline' keyword, a hash ('sha256-Azv22mGJV0srfv1oy/d01nGpzAJk3jEo60kEEoUth5A='), or a nonce ('nonce-...') is required to enable inline execution.\n`[39m,
  [32m`Refused to execute inline event handler because it violates the following Content Security Policy directive: "script-src 'self'". Either the 'unsafe-inline' keyword, a hash ('sha256-...'), or a nonce ('nonce-...') is required to enable inline execution. Note that hashes do not apply to event handlers, style attributes and javascript: navigations unless the 'unsafe-hashes' keyword is present.\n`[39m,
  [32m`Refused to apply inline style because it violates the following Content Security Policy directive: "style-src 'self' https://fonts.googleapis.com". Either the 'unsafe-inline' keyword, a hash ('sha256-tOPElzmHt4D+UzT84ztRSR0PPvhTZkWzmhdXb7kzh0Q='), or a nonce ('nonce-...') is required to enable inline execution.\n`[39m,
  [32m`Refused to apply inline style because it violates the following Content Security Policy directive: "style-src 'self' https://fonts.googleapis.com". Either the 'unsafe-inline' keyword, a hash ('sha256-LFrzJY/jiacwSQ1hh70gaj305ajHCrcyWcGAjYI6luo='), or a nonce ('nonce-...') is required to enable inline execution.\n`[39m,
  [32m`Refused to apply inline style because it violates the following Content Security Policy directive: "style-src 'self' https://fonts.googleapis.com". Either the 'unsafe-inline' keyword, a hash ('sha256-LFrzJY/jiacwSQ1hh70gaj305ajHCrcyWcGAjYI6luo='), or a nonce ('nonce-...') is required to enable inline execution.\n`[39m,
  [32m`Refused to apply inline style because it violates the following Content Security Policy directive: "style-src 'self' https://fonts.googleapis.com". Either the 'unsafe-inline' keyword, a hash ('sha256-tOPElzmHt4D+UzT84ztRSR0PPvhTZkWzmhdXb7kzh0Q='), or a nonce ('nonce-...') is required to enable inline execution.\n`[39m,
  [32m`Refused to apply inline style because it violates the following Content Security Policy directive: "style-src 'self' https://fonts.googleapis.com". Either the 'unsafe-inline' keyword, a hash ('sha256-47DEQpj8HBSa+/TImW+5JCeuQeRkm5NMpJWZG3hSuFU='), or a nonce ('nonce-...') is required to enable inline execution.\n`[39m
]

[[ATTACHMENT|airwave-ui-verification-AI-d6550-o-JavaScript-console-errors-chromium/test-failed-1.png]]

[[ATTACHMENT|airwave-ui-verification-AI-d6550-o-JavaScript-console-errors-chromium/video.webm]]

[[ATTACHMENT|airwave-ui-verification-AI-d6550-o-JavaScript-console-errors-chromium/error-context.md]]
]]>
</system-out>
</testcase>
<testcase name="AIrWAVE UI Verification Suite › Login Page Tests › should navigate to login page with proper styling" classname="airwave-ui-verification.test.ts" time="6.217">
<failure message="airwave-ui-verification.test.ts:137:9 should navigate to login page with proper styling" type="FAILURE">
<![CDATA[  [chromium] › airwave-ui-verification.test.ts:137:9 › AIrWAVE UI Verification Suite › Login Page Tests › should navigate to login page with proper styling 

    Error: expect(received).not.toBe(expected) // Object.is equality

    Expected: not "rgb(255, 255, 255)"

      190 |           
      191 |           // Input should have dark theme styling
    > 192 |           expect(inputStyles.backgroundColor).not.toBe('rgb(255, 255, 255)');
          |                                                   ^
      193 |         }
      194 |       }
      195 |     });
        at /Users/thomasdowuona-hyde/AIRWAVE_0525_CODEX/tests/e2e/airwave-ui-verification.test.ts:192:51

    attachment #1: screenshot (image/png) ──────────────────────────────────────────────────────────
    test-results/airwave-ui-verification-AI-5e83a-in-page-with-proper-styling-chromium/test-failed-1.png
    ────────────────────────────────────────────────────────────────────────────────────────────────

    attachment #2: video (video/webm) ──────────────────────────────────────────────────────────────
    test-results/airwave-ui-verification-AI-5e83a-in-page-with-proper-styling-chromium/video.webm
    ────────────────────────────────────────────────────────────────────────────────────────────────

    Error Context: ../../test-results/airwave-ui-verification-AI-5e83a-in-page-with-proper-styling-chromium/error-context.md
]]>
</failure>
<system-out>
<![CDATA[
[[ATTACHMENT|airwave-ui-verification-AI-5e83a-in-page-with-proper-styling-chromium/test-failed-1.png]]

[[ATTACHMENT|airwave-ui-verification-AI-5e83a-in-page-with-proper-styling-chromium/video.webm]]

[[ATTACHMENT|airwave-ui-verification-AI-5e83a-in-page-with-proper-styling-chromium/error-context.md]]
]]>
</system-out>
</testcase>
<testcase name="AIrWAVE UI Verification Suite › Login Page Tests › should test demo mode functionality" classname="airwave-ui-verification.test.ts" time="6.186">
<system-out>
<![CDATA[
[[ATTACHMENT|airwave-ui-verification-AI-5b047-est-demo-mode-functionality-chromium/test-finished-1.png]]
]]>
</system-out>
</testcase>
<testcase name="AIrWAVE UI Verification Suite › Dashboard Tests › should access dashboard and verify navigation" classname="airwave-ui-verification.test.ts" time="6.335">
<system-out>
<![CDATA[
[[ATTACHMENT|airwave-ui-verification-AI-b492f-board-and-verify-navigation-chromium/test-finished-1.png]]
]]>
</system-out>
</testcase>
<testcase name="AIrWAVE UI Verification Suite › Dashboard Tests › should verify cards and interactive elements" classname="airwave-ui-verification.test.ts" time="4.375">
<system-out>
<![CDATA[
[[ATTACHMENT|airwave-ui-verification-AI-3bb8e-ds-and-interactive-elements-chromium/test-finished-1.png]]
]]>
</system-out>
</testcase>
<testcase name="AIrWAVE UI Verification Suite › CSS and Theme Verification › should verify CSS custom properties are loaded" classname="airwave-ui-verification.test.ts" time="3.872">
<failure message="airwave-ui-verification.test.ts:356:9 should verify CSS custom properties are loaded" type="FAILURE">
<![CDATA[  [chromium] › airwave-ui-verification.test.ts:356:9 › AIrWAVE UI Verification Suite › CSS and Theme Verification › should verify CSS custom properties are loaded 

    Error: expect(received).toBeGreaterThan(expected)

    Expected: > 0
    Received:   0

      389 |       
      390 |       // Should have at least some custom properties defined
    > 391 |       expect(Object.keys(cssProperties).length).toBeGreaterThan(0);
          |                                                 ^
      392 |     });
      393 |
      394 |     test('should verify no white background with massive icons issue', async ({ page }) => {
        at /Users/thomasdowuona-hyde/AIRWAVE_0525_CODEX/tests/e2e/airwave-ui-verification.test.ts:391:49

    attachment #1: screenshot (image/png) ──────────────────────────────────────────────────────────
    test-results/airwave-ui-verification-AI-705c4-ustom-properties-are-loaded-chromium/test-failed-1.png
    ────────────────────────────────────────────────────────────────────────────────────────────────

    attachment #2: video (video/webm) ──────────────────────────────────────────────────────────────
    test-results/airwave-ui-verification-AI-705c4-ustom-properties-are-loaded-chromium/video.webm
    ────────────────────────────────────────────────────────────────────────────────────────────────

    Error Context: ../../test-results/airwave-ui-verification-AI-705c4-ustom-properties-are-loaded-chromium/error-context.md
]]>
</failure>
<system-out>
<![CDATA[Found CSS custom properties: {}

[[ATTACHMENT|airwave-ui-verification-AI-705c4-ustom-properties-are-loaded-chromium/test-failed-1.png]]

[[ATTACHMENT|airwave-ui-verification-AI-705c4-ustom-properties-are-loaded-chromium/video.webm]]

[[ATTACHMENT|airwave-ui-verification-AI-705c4-ustom-properties-are-loaded-chromium/error-context.md]]
]]>
</system-out>
</testcase>
<testcase name="AIrWAVE UI Verification Suite › CSS and Theme Verification › should verify no white background with massive icons issue" classname="airwave-ui-verification.test.ts" time="3.821">
<system-out>
<![CDATA[
[[ATTACHMENT|airwave-ui-verification-AI-5ce1d-nd-with-massive-icons-issue-chromium/test-finished-1.png]]
]]>
</system-out>
</testcase>
<testcase name="AIrWAVE UI Verification Suite › CSS and Theme Verification › should check responsive design" classname="airwave-ui-verification.test.ts" time="7.329">
<system-out>
<![CDATA[
[[ATTACHMENT|airwave-ui-verification-AI-5ae8b-uld-check-responsive-design-chromium/test-finished-1.png]]
]]>
</system-out>
</testcase>
<testcase name="AIrWAVE UI Verification Suite › Performance and Accessibility › should have reasonable load times" classname="airwave-ui-verification.test.ts" time="3.582">
<system-out>
<![CDATA[Page load time: 3461ms

[[ATTACHMENT|airwave-ui-verification-AI-6517b--have-reasonable-load-times-chromium/test-finished-1.png]]
]]>
</system-out>
</testcase>
<testcase name="AIrWAVE UI Verification Suite › Performance and Accessibility › should verify fonts load properly" classname="airwave-ui-verification.test.ts" time="3.812">
<system-out>
<![CDATA[Font info: { fontFamily: [32m'Times'[39m, isFallback: [33mfalse[39m }

[[ATTACHMENT|airwave-ui-verification-AI-98b9a--verify-fonts-load-properly-chromium/test-finished-1.png]]
]]>
</system-out>
</testcase>
<testcase name="AIrWAVE UI Verification Suite › Performance and Accessibility › should check basic accessibility" classname="airwave-ui-verification.test.ts" time="3.845">
<system-out>
<![CDATA[Accessibility checks: {
  hasTitle: [33mtrue[39m,
  hasLang: [33mtrue[39m,
  hasImages: [33m0[39m,
  imagesWithAlt: [33m0[39m,
  hasHeadings: [33m1[39m,
  hasSkipLinks: [33m0[39m
}

[[ATTACHMENT|airwave-ui-verification-AI-be9dd-d-check-basic-accessibility-chromium/test-finished-1.png]]
]]>
</system-out>
</testcase>
<testcase name="AIrWAVE UI Verification Suite › Functional Testing › should test key navigation flows" classname="airwave-ui-verification.test.ts" time="3.706">
<system-out>
<![CDATA[
[[ATTACHMENT|airwave-ui-verification-AI-96f04-d-test-key-navigation-flows-chromium/test-finished-1.png]]
]]>
</system-out>
</testcase>
<testcase name="AIrWAVE UI Verification Suite › Functional Testing › should verify demo mode works end-to-end" classname="airwave-ui-verification.test.ts" time="3.672">
<system-out>
<![CDATA[
[[ATTACHMENT|airwave-ui-verification-AI-82e72--demo-mode-works-end-to-end-chromium/test-finished-1.png]]
]]>
</system-out>
</testcase>
</testsuite>
</testsuites>