<testsuites id="" name="" tests="1" failures="1" skipped="0" errors="0" time="37.881701">
<testsuite name="asset-upload.test.ts" timestamp="2025-05-30T01:51:21.763Z" hostname="chromium" tests="1" failures="1" skipped="0" time="35.379" errors="0">
<testcase name="Asset Upload Flow › should upload image assets successfully" classname="asset-upload.test.ts" time="35.379">
<failure message="asset-upload.test.ts:5:7 should upload image assets successfully" type="FAILURE">
<![CDATA[  [chromium] › asset-upload.test.ts:5:7 › Asset Upload Flow › should upload image assets successfully 

    TimeoutError: locator.click: Timeout 30000ms exceeded.
    Call log:
      - waiting for locator('[data-testid="speed-dial"]')
        - locator resolved to <div role="presentation" data-testid="speed-dial" class="MuiSpeedDial-root MuiSpeedDial-directionUp css-myd0-MuiSpeedDial-root">…</div>
      - attempting click action
        2 × waiting for element to be visible, enabled and stable
          - element is visible, enabled and stable
          - scrolling into view if needed
          - done scrolling
          - <nextjs-portal></nextjs-portal> intercepts pointer events
        - retrying click action
        - waiting 20ms
        2 × waiting for element to be visible, enabled and stable
          - element is visible, enabled and stable
          - scrolling into view if needed
          - done scrolling
          - <nextjs-portal></nextjs-portal> intercepts pointer events
        - retrying click action
          - waiting 100ms
        58 × waiting for element to be visible, enabled and stable
           - element is visible, enabled and stable
           - scrolling into view if needed
           - done scrolling
           - <nextjs-portal></nextjs-portal> intercepts pointer events
         - retrying click action
           - waiting 500ms


      23 |       uploadTriggered = true;
      24 |     } else if (await speedDial.isVisible()) {
    > 25 |       await speedDial.click();
         |                       ^
      26 |       // Look for upload action in speed dial
      27 |       const uploadAction = authenticatedPage.locator('[data-testid="upload-action"]');
      28 |       if (await uploadAction.isVisible()) {
        at /Users/thomasdowuona-hyde/AIRWAVE_0525_CODEX/tests/e2e/asset-upload.test.ts:25:23

    attachment #1: screenshot (image/png) ──────────────────────────────────────────────────────────
    test-results/asset-upload-Asset-Upload--135c6-d-image-assets-successfully-chromium/test-failed-1.png
    ────────────────────────────────────────────────────────────────────────────────────────────────

    attachment #2: video (video/webm) ──────────────────────────────────────────────────────────────
    test-results/asset-upload-Asset-Upload--135c6-d-image-assets-successfully-chromium/video.webm
    ────────────────────────────────────────────────────────────────────────────────────────────────

    Error Context: ../../test-results/asset-upload-Asset-Upload--135c6-d-image-assets-successfully-chromium/error-context.md
]]>
</failure>
<system-out>
<![CDATA[
[[ATTACHMENT|asset-upload-Asset-Upload--135c6-d-image-assets-successfully-chromium/test-failed-1.png]]

[[ATTACHMENT|asset-upload-Asset-Upload--135c6-d-image-assets-successfully-chromium/video.webm]]

[[ATTACHMENT|asset-upload-Asset-Upload--135c6-d-image-assets-successfully-chromium/error-context.md]]
]]>
</system-out>
</testcase>
</testsuite>
</testsuites>